<?xml version="1.0" encoding="UTF-8"?>
<testng-results ignored="0" total="2" passed="2" failed="0" skipped="0">
  <reporter-output>
  </reporter-output>
  <suite started-at="2022-06-01T17:22:56 IST" name="Default suite" finished-at="2022-06-01T17:23:36 IST" duration-ms="40010">
    <groups>
    </groups>
    <test started-at="2022-06-01T17:22:56 IST" name="Default test" finished-at="2022-06-01T17:23:36 IST" duration-ms="40010">
      <class name="tests.EcommerceTest">
        <test-method is-config="true" signature="beforeClass()[pri:0, instance:tests.EcommerceTest@593aaf41]" started-at="2022-06-01T17:22:56 IST" name="beforeClass" finished-at="2022-06-01T17:22:59 IST" duration-ms="3532" status="PASS">
          <reporter-output>
          </reporter-output>
        </test-method> <!-- beforeClass -->
        <test-method is-config="true" signature="beforeMethod()[pri:0, instance:tests.EcommerceTest@593aaf41]" started-at="2022-06-01T17:22:59 IST" name="beforeMethod" finished-at="2022-06-01T17:23:05 IST" duration-ms="6011" status="PASS">
          <reporter-output>
          </reporter-output>
        </test-method> <!-- beforeMethod -->
        <test-method signature="step01_CreateAccountSuccess()[pri:0, instance:tests.EcommerceTest@593aaf41]" started-at="2022-06-01T17:23:05 IST" name="step01_CreateAccountSuccess" finished-at="2022-06-01T17:23:23 IST" duration-ms="17158" status="PASS">
          <reporter-output>
          </reporter-output>
        </test-method> <!-- step01_CreateAccountSuccess -->
        <test-method is-config="true" signature="beforeMethod()[pri:0, instance:tests.EcommerceTest@593aaf41]" started-at="2022-06-01T17:23:23 IST" name="beforeMethod" finished-at="2022-06-01T17:23:25 IST" duration-ms="2648" status="PASS">
          <reporter-output>
          </reporter-output>
        </test-method> <!-- beforeMethod -->
        <test-method signature="step02_AccountExistsError()[pri:0, instance:tests.EcommerceTest@593aaf41]" started-at="2022-06-01T17:23:25 IST" name="step02_AccountExistsError" finished-at="2022-06-01T17:23:30 IST" duration-ms="4828" status="PASS">
          <reporter-output>
          </reporter-output>
        </test-method> <!-- step02_AccountExistsError -->
        <test-method is-config="true" signature="afterClass()[pri:0, instance:tests.EcommerceTest@593aaf41]" started-at="2022-06-01T17:23:30 IST" name="afterClass" finished-at="2022-06-01T17:23:36 IST" duration-ms="5795" status="PASS">
          <reporter-output>
          </reporter-output>
        </test-method> <!-- afterClass -->
      </class> <!-- tests.EcommerceTest -->
    </test> <!-- Default test -->
  </suite> <!-- Default suite -->
</testng-results>
